\BOOKMARK [0][-]{chapter*.1}{\376\377\000L\036\335\000i\000\040\000m\036\337\000\040\001\021\036\247\000u}{}% 1
\BOOKMARK [0][-]{chapter*.3}{\376\377\000G\000i\036\333\000i\000\040\000t\000h\000i\036\307\000u}{}% 2
\BOOKMARK [1][-]{section*.4}{\376\377\000M\000\364\000\040\000t\036\243\000\040\000b\000\340\000i\000\040\000t\000o\000\341\000n}{chapter*.3}% 3
\BOOKMARK [1][-]{section*.5}{\376\377\000M\036\345\000c\000\040\000t\000i\000\352\000u\000\040\000c\036\347\000a\000\040\000c\000h\001\260\001\241\000n\000g\000\040\000t\000r\000\354\000n\000h}{chapter*.3}% 4
\BOOKMARK [1][-]{section*.6}{\376\377\000P\000h\036\241\000m\000\040\000v\000i\000\040\000t\000h\036\361\000c\000\040\000h\000i\036\307\000n}{chapter*.3}% 5
\BOOKMARK [1][-]{section*.7}{\376\377\000C\000\364\000n\000g\000\040\000n\000g\000h\036\307\000\040\000v\000\340\000\040\000n\000g\000\364\000n\000\040\000n\000g\036\357\000\040\000l\036\255\000p\000\040\000t\000r\000\354\000n\000h\000\040\000s\036\355\000\040\000d\036\345\000n\000g}{chapter*.3}% 6
\BOOKMARK [1][-]{section*.8}{\376\377\000P\000h\000\342\000n\000\040\000c\000\364\000n\000g\000\040\000c\000\364\000n\000g\000\040\000v\000i\036\307\000c}{chapter*.3}% 7
\BOOKMARK [2][-]{subsection*.9}{\376\377\000T\000h\000\340\000n\000h\000\040\000v\000i\000\352\000n\000\040\000t\000h\036\361\000c\000\040\000h\000i\036\307\000n}{section*.8}% 8
\BOOKMARK [2][-]{subsection*.10}{\376\377\000P\000h\000\342\000n\000\040\000c\000\364\000n\000g\000\040\000c\000h\000i\000\040\000t\000i\036\277\000t\000\040\000n\000h\000i\036\307\000m\000\040\000v\036\345}{section*.8}% 9
\BOOKMARK [0][-]{chapter*.11}{\376\377\000P\000h\000\342\000n\000\040\000t\000\355\000c\000h\000\040\000Y\000\352\000u\000\040\000c\036\247\000u\000\040\000h\036\307\000\040\000t\000h\036\321\000n\000g}{}% 10
\BOOKMARK [1][-]{section*.12}{\376\377\000K\000h\036\243\000o\000\040\000s\000\341\000t\000\040\000b\000\340\000i\000\040\000t\000o\000\341\000n}{chapter*.11}% 11
\BOOKMARK [1][-]{section*.13}{\376\377\000Y\000\352\000u\000\040\000c\036\247\000u\000\040\000c\000h\036\351\000c\000\040\000n\001\003\000n\000g}{chapter*.11}% 12
\BOOKMARK [2][-]{subsection*.14}{\376\377\000Q\000u\036\243\000n\000\040\000l\000\375\000\040\000n\000g\000\342\000n\000\040\000h\000\340\000n\000g\000\040\000c\000\342\000u\000\040\000h\036\317\000i}{section*.13}% 13
\BOOKMARK [2][-]{subsection*.15}{\376\377\000C\036\245\000u\000\040\000h\000\354\000n\000h\000\040\000v\000\340\000\040\000s\000i\000n\000h\000\040\001\021\036\301\000\040\000t\000h\000i}{section*.13}% 14
\BOOKMARK [2][-]{subsection*.16}{\376\377\000T\000i\036\277\000n\000\040\000h\000\340\000n\000h\000\040\000t\000h\000i\000\040\000v\000\340\000\040\001\021\036\277\000m\000\040\000g\000i\036\335\000\040\000t\000h\036\335\000i\000\040\000g\000i\000a\000n\000\040\000t\000h\036\361\000c}{section*.13}% 15
\BOOKMARK [2][-]{subsection*.17}{\376\377\000C\000h\036\245\000m\000\040\001\021\000i\036\303\000m\000\040\000t\036\361\000\040\001\021\036\331\000n\000g\000\040\000v\000\340\000\040\000h\000i\036\303\000n\000\040\000t\000h\036\313\000\040\000k\036\277\000t\000\040\000q\000u\036\243}{section*.13}% 16
\BOOKMARK [2][-]{subsection*.18}{\376\377\000X\000e\000m\000\040\000l\036\313\000c\000h\000\040\000s\036\355\000\040\000t\000h\000i}{section*.13}% 17
\BOOKMARK [1][-]{section*.19}{\376\377\000Y\000\352\000u\000\040\000c\036\247\000u\000\040\000p\000h\000i\000\040\000c\000h\036\351\000c\000\040\000n\001\003\000n\000g}{chapter*.11}% 18
\BOOKMARK [1][-]{section*.20}{\376\377\000M\000\364\000\040\000t\036\243\000\040\000l\000u\036\323\000n\000g\000\040\000h\000o\036\241\000t\000\040\001\021\036\331\000n\000g\000\040\000c\036\347\000a\000\040\000c\000h\001\260\001\241\000n\000g\000\040\000t\000r\000\354\000n\000h}{chapter*.11}% 19
\BOOKMARK [0][-]{chapter*.21}{\376\377\000T\000h\000i\036\277\000t\000\040\000k\036\277\000\040\000h\036\307\000\040\000t\000h\036\321\000n\000g}{}% 20
\BOOKMARK [1][-]{section*.22}{\376\377\000K\000i\036\277\000n\000\040\000t\000r\000\372\000c\000\040\000t\036\325\000n\000g\000\040\000t\000h\036\303\000\040\000c\000h\001\260\001\241\000n\000g\000\040\000t\000r\000\354\000n\000h}{chapter*.21}% 21
\BOOKMARK [2][-]{subsection*.23}{\376\377\000S\001\241\000\040\001\021\036\323\000\040\000p\000h\000\342\000n\000\040\000c\000h\000i\000a\000\040\000m\000o\000d\000u\000l\000e}{section*.22}% 22
\BOOKMARK [2][-]{subsection*.24}{\376\377\000L\000u\036\323\000n\000g\000\040\000d\036\357\000\040\000l\000i\036\307\000u\000\040\000g\000i\036\357\000a\000\040\000c\000\341\000c\000\040\000m\000o\000d\000u\000l\000e}{section*.22}% 23
\BOOKMARK [2][-]{subsection*.25}{\376\377\000S\001\241\000\040\001\021\036\323\000\040\000l\000u\036\323\000n\000g\000\040\001\021\000i\036\301\000u\000\040\000h\001\260\036\333\000n\000g\000\040\000M\000e\000n\000u}{section*.22}% 24
\BOOKMARK [1][-]{section*.26}{\376\377\000T\000h\000i\036\277\000t\000\040\000k\036\277\000\040\000c\036\245\000u\000\040\000t\000r\000\372\000c\000\040\000d\036\357\000\040\000l\000i\036\307\000u}{chapter*.21}% 25
\BOOKMARK [2][-]{subsection*.27}{\376\377\000C\036\245\000u\000\040\000t\000r\000\372\000c\000\040\000f\000i\000l\000e\000\040\000q\000u\000e\000s\000t\000i\000o\000n\000s\000.\000t\000x\000t}{section*.26}% 26
\BOOKMARK [2][-]{subsection*.28}{\376\377\000C\036\245\000u\000\040\000t\000r\000\372\000c\000\040\000f\000i\000l\000e\000\040\000h\000i\000s\000t\000o\000r\000y\000.\000t\000x\000t}{section*.26}% 27
\BOOKMARK [2][-]{subsection*.29}{\376\377\000Q\000u\000y\000\040\000t\036\257\000c\000\040\001\021\036\313\000n\000h\000\040\000d\036\241\000n\000g\000\040\000v\000\340\000\040\000t\000\341\000c\000h\000\040\000t\000r\001\260\036\335\000n\000g\000\040\000d\036\357\000\040\000l\000i\036\307\000u}{section*.26}% 28
\BOOKMARK [1][-]{section*.30}{\376\377\000T\000h\000i\036\277\000t\000\040\000k\036\277\000\040\000c\000\341\000c\000\040\000m\000o\000d\000u\000l\000e\000\040\000c\000h\036\351\000c\000\040\000n\001\003\000n\000g}{chapter*.21}% 29
\BOOKMARK [2][-]{subsection*.31}{\376\377\000M\000o\000d\000u\000l\000e\000\040\000M\000e\000n\000u}{section*.30}% 30
\BOOKMARK [2][-]{subsection*.36}{\376\377\000M\000o\000d\000u\000l\000e\000\040\000N\000g\000\342\000n\000\040\000h\000\340\000n\000g\000\040\000c\000\342\000u\000\040\000h\036\317\000i}{section*.30}% 31
\BOOKMARK [2][-]{subsection*.41}{\376\377\000M\000o\000d\000u\000l\000e\000\040\000T\000h\000i}{section*.30}% 32
\BOOKMARK [2][-]{subsection*.47}{\376\377\000M\000o\000d\000u\000l\000e\000\040\000L\036\313\000c\000h\000\040\000s\036\355\000\040\000t\000h\000i}{section*.30}% 33
\BOOKMARK [2][-]{subsection*.52}{\376\377\000H\000\340\000m\000\040\000m\000a\000i\000n}{section*.30}% 34
\BOOKMARK [0][-]{chapter*.53}{\376\377\000C\000\340\000i\000\040\001\021\036\267\000t\000\040\000v\000\340\000\040\000x\000\342\000y\000\040\000d\036\361\000n\000g\000\040\000c\000h\001\260\001\241\000n\000g\000\040\000t\000r\000\354\000n\000h}{}% 35
\BOOKMARK [1][-]{section*.54}{\376\377\000C\036\245\000u\000\040\000t\000r\000\372\000c\000\040\000t\000h\001\260\000\040\000m\036\345\000c\000\040\000c\000h\001\260\001\241\000n\000g\000\040\000t\000r\000\354\000n\000h}{chapter*.53}% 36
\BOOKMARK [0][-]{chapter*.55}{\376\377\000K\000i\036\303\000m\000\040\000t\000h\036\355\000\040\000v\000\340\000\040\001\020\000\341\000n\000h\000\040\000g\000i\000\341\000\040\000k\036\277\000t\000\040\000q\000u\036\243}{}% 37
\BOOKMARK [1][-]{section*.56}{\376\377\000C\000h\000i\036\277\000n\000\040\000l\001\260\036\343\000c\000\040\000k\000i\036\303\000m\000\040\000t\000h\036\355}{chapter*.55}% 38
\BOOKMARK [1][-]{section*.57}{\376\377\000T\000\354\000n\000h\000\040\000h\000u\036\321\000n\000g\000\040\000k\000i\036\303\000m\000\040\000t\000h\036\355}{chapter*.55}% 39
\BOOKMARK [2][-]{subsection*.58}{\376\377\000T\000e\000s\000t\000\040\000C\000a\000s\000e\000-\0000\0001\000:\000\040\001\020\001\003\000n\000g\000\040\000n\000h\036\255\000p\000\040\001\021\000\372\000n\000g\000\040\040\023\000\040\000A\000d\000m\000i\000n}{section*.57}% 40
\BOOKMARK [2][-]{subsection*.59}{\376\377\000T\000e\000s\000t\000\040\000C\000a\000s\000e\000-\0000\0002\000:\000\040\001\020\001\003\000n\000g\000\040\000n\000h\036\255\000p\000\040\001\021\000\372\000n\000g\000\040\040\023\000\040\000S\000i\000n\000h\000\040\000v\000i\000\352\000n}{section*.57}% 41
\BOOKMARK [2][-]{subsection*.60}{\376\377\000T\000e\000s\000t\000\040\000C\000a\000s\000e\000-\0000\0003\000:\000\040\001\020\001\003\000n\000g\000\040\000n\000h\036\255\000p\000\040\000s\000a\000i\000\040\000m\036\255\000t\000\040\000k\000h\036\251\000u}{section*.57}% 42
\BOOKMARK [2][-]{subsection*.61}{\376\377\000T\000e\000s\000t\000\040\000C\000a\000s\000e\000-\0000\0004\000:\000\040\000T\000h\000\352\000m\000\040\000c\000\342\000u\000\040\000h\036\317\000i\000\040\000m\036\333\000i}{section*.57}% 43
\BOOKMARK [2][-]{subsection*.62}{\376\377\000T\000e\000s\000t\000\040\000C\000a\000s\000e\000-\0000\0005\000:\000\040\000S\000i\000n\000h\000\040\001\021\036\301\000\040\000v\000\340\000\040\000x\000\341\000o\000\040\000t\000r\036\331\000n\000\040\000c\000\342\000u\000\040\000h\036\317\000i\000/\001\021\000\341\000p\000\040\000\341\000n}{section*.57}% 44
\BOOKMARK [2][-]{subsection*.63}{\376\377\000T\000e\000s\000t\000\040\000C\000a\000s\000e\000-\0000\0006\000:\000\040\000L\000\340\000m\000\040\000b\000\340\000i\000\040\000v\000\340\000\040\000c\000h\036\245\000m\000\040\001\021\000i\036\303\000m\000\040\000c\000h\000\355\000n\000h\000\040\000x\000\341\000c}{section*.57}% 45
\BOOKMARK [2][-]{subsection*.64}{\376\377\000T\000e\000s\000t\000\040\000C\000a\000s\000e\000-\0000\0007\000:\000\040\000T\036\361\000\040\001\021\036\331\000n\000g\000\040\000t\000h\000u\000\040\000b\000\340\000i\000\040\000k\000h\000i\000\040\000h\036\277\000t\000\040\000g\000i\036\335}{section*.57}% 46
\BOOKMARK [2][-]{subsection*.65}{\376\377\000T\000e\000s\000t\000\040\000C\000a\000s\000e\000-\0000\0008\000:\000\040\000X\000e\000m\000\040\000l\036\313\000c\000h\000\040\000s\036\355\000\040\000t\000h\000i\000\040\000n\000h\000i\036\301\000u\000\040\000l\036\247\000n}{section*.57}% 47
\BOOKMARK [2][-]{subsection*.66}{\376\377\000T\000e\000s\000t\000\040\000C\000a\000s\000e\000-\0000\0009\000:\000\040\000N\000h\036\255\000p\000\040\000s\000a\000i\000\040\001\021\036\313\000n\000h\000\040\000d\036\241\000n\000g\000\040\000\050\000b\036\253\000y\000\040\000l\036\327\000i\000\051}{section*.57}% 48
\BOOKMARK [2][-]{subsection*.67}{\376\377\000T\000e\000s\000t\000\040\000C\000a\000s\000e\000-\0001\0000\000:\000\040\000K\000i\036\303\000m\000\040\000t\000h\036\355\000\040\000r\000\362\000\040\000r\036\311\000\040\000b\036\331\000\040\000n\000h\036\333\000\040\000\050\000V\000a\000l\000g\000r\000i\000n\000d\000\040\000/\000\040\001\021\036\313\000a\000\040\000c\000h\036\311\000\051}{section*.57}% 49
\BOOKMARK [1][-]{section*.68}{\376\377\000H\000\354\000n\000h\000\040\036\243\000n\000h\000\040\000c\000h\036\345\000p\000\040\000k\036\277\000t\000\040\000q\000u\036\243\000\040\000t\000h\036\361\000c\000\040\000t\000h\000i}{chapter*.55}% 50
\BOOKMARK [1][-]{section*.69}{\376\377\001\020\000\341\000n\000h\000\040\000g\000i\000\341\000\040\000k\036\277\000t\000\040\000q\000u\036\243\000\040\000k\000i\036\303\000m\000\040\000t\000h\036\355}{chapter*.55}% 51
\BOOKMARK [0][-]{chapter*.70}{\376\377\000K\036\277\000t\000\040\000l\000u\036\255\000n\000\040\000v\000\340\000\040\000h\001\260\036\333\000n\000g\000\040\000p\000h\000\341\000t\000\040\000t\000r\000i\036\303\000n}{}% 52
\BOOKMARK [1][-]{section*.71}{\376\377\000K\036\277\000t\000\040\000q\000u\036\243\000\040\001\021\036\241\000t\000\040\001\021\001\260\036\343\000c}{chapter*.70}% 53
\BOOKMARK [1][-]{section*.72}{\376\377\000T\036\325\000n\000g\000\040\000k\036\277\000t\000\040\000c\000\341\000c\000\040\000k\036\371\000\040\000t\000h\000u\036\255\000t\000\040\001\021\000\343\000\040\001\021\001\260\036\343\000c\000\040\000v\036\255\000n\000\040\000d\036\345\000n\000g}{chapter*.70}% 54
\BOOKMARK [2][-]{subsection*.73}{\376\377\000C\036\245\000u\000\040\000t\000r\000\372\000c\000\040\000d\036\357\000\040\000l\000i\036\307\000u\000:\000\040\000D\000a\000n\000h\000\040\000s\000\341\000c\000h\000\040\000l\000i\000\352\000n\000\040\000k\036\277\000t\000\040\001\021\001\241\000n}{section*.72}% 55
\BOOKMARK [2][-]{subsection*.74}{\376\377\000Q\000u\036\243\000n\000\040\000l\000\375\000\040\000b\036\331\000\040\000n\000h\036\333\000\040\001\021\036\331\000n\000g\000:\000\040\000c\000o\000n\000\040\000t\000r\036\317\000,\000\040\000n\000e\000w\000/\000d\000e\000l\000e\000t\000e\000,\000\040\000t\000r\000\341\000n\000h\000\040\000M\000e\000m\000o\000r\000y\000\040\000L\000e\000a\000k}{section*.72}% 56
\BOOKMARK [2][-]{subsection*.75}{\376\377\000X\036\355\000\040\000l\000\375\000\040\000F\000i\000l\000e\000\040\000I\000/\000O\000:\000\040\001\021\036\315\000c\000/\000g\000h\000i\000\040\000f\000i\000l\000e\000\040\000t\000e\000x\000t\000\040\000v\036\333\000i\000\040\000k\000\375\000\040\000t\036\361\000\040\000p\000h\000\342\000n\000\040\000t\000\341\000c\000h\000\040\000'\000|\000'}{section*.72}% 57
\BOOKMARK [2][-]{subsection*.76}{\376\377\000T\000h\000u\036\255\000t\000\040\000t\000o\000\341\000n\000\040\000x\000\341\000o\000\040\000t\000r\036\331\000n\000\040\000F\000i\000s\000h\000e\000r\000-\000Y\000a\000t\000e\000s}{section*.72}% 58
\BOOKMARK [2][-]{subsection*.77}{\376\377\000L\036\255\000p\000\040\000t\000r\000\354\000n\000h\000\040\000h\001\260\036\333\000n\000g\000\040\000m\000o\000d\000u\000l\000e\000:\000\040\000t\000\341\000c\000h\000\040\000H\000e\000a\000d\000e\000r\000\040\040\023\000\040\000S\000o\000u\000r\000c\000e\000\040\040\023\000\040\000D\000a\000t\000a}{section*.72}% 59
\BOOKMARK [2][-]{subsection*.78}{\376\377\000L\036\255\000p\000\040\000t\000r\000\354\000n\000h\000\040\000h\001\260\036\333\000n\000g\000\040\001\021\036\321\000i\000\040\000t\001\260\036\343\000n\000g\000\040\000\050\000O\000O\000P\000\051\000:\000\040\000C\000l\000a\000s\000s\000,\000\040\000C\000o\000n\000s\000t\000r\000u\000c\000t\000o\000r\000,\000\040\000D\000e\000s\000t\000r\000u\000c\000t\000o\000r}{section*.72}% 60
\BOOKMARK [2][-]{subsection*.79}{\376\377\000X\036\355\000\040\000l\000\375\000\040\000l\000u\036\323\000n\000g\000\040\000t\000h\036\335\000i\000\040\000g\000i\000a\000n\000\040\000t\000h\036\361\000c\000\040\000v\036\333\000i\000\040\000<\000t\000h\000r\000e\000a\000d\000>\000\040\000/\000\040\000<\000c\000h\000r\000o\000n\000o\000>}{section*.72}% 61
\BOOKMARK [2][-]{subsection*.80}{\376\377\000V\000a\000l\000i\000d\000a\000t\000e\000\040\000i\000n\000p\000u\000t\000\040\000v\000\340\000\040\000x\036\355\000\040\000l\000\375\000\040\000n\000g\000o\036\241\000i\000\040\000l\036\307\000\040\000t\000r\000\352\000n\000\040\000T\000e\000r\000m\000i\000n\000a\000l}{section*.72}% 62
\BOOKMARK [2][-]{subsection*.81}{\376\377\000Q\000u\000y\000\040\000c\000h\000u\036\251\000n\000\040\000l\036\255\000p\000\040\000t\000r\000\354\000n\000h\000:\000\040\000N\000a\000m\000i\000n\000g\000\040\000C\000o\000n\000v\000e\000n\000t\000i\000o\000n\000,\000\040\000N\000o\000\040\000G\000l\000o\000b\000a\000l\000\040\000V\000a\000r\000i\000a\000b\000l\000e\000s}{section*.72}% 63
\BOOKMARK [1][-]{section*.82}{\376\377\001\020\000\341\000n\000h\000\040\000g\000i\000\341\000\040\001\260\000u\000\040\001\021\000i\036\303\000m\000\040\000v\000\340\000\040\000h\036\241\000n\000\040\000c\000h\036\277\000\040\000c\036\347\000a\000\040\000c\000h\001\260\001\241\000n\000g\000\040\000t\000r\000\354\000n\000h}{chapter*.70}% 64
\BOOKMARK [1][-]{section*.83}{\376\377\000H\001\260\036\333\000n\000g\000\040\000p\000h\000\341\000t\000\040\000t\000r\000i\036\303\000n\000\040\000v\000\340\000\040\000N\000\342\000n\000g\000\040\000c\036\245\000p\000\040\000t\001\260\001\241\000n\000g\000\040\000l\000a\000i}{chapter*.70}% 65
\BOOKMARK [0][-]{chapter*.85}{\376\377\000M\000\343\000\040\000n\000g\000u\036\323\000n\000\040\000h\000\340\000m\000\040\000m\000a\000i\000n\000\050\000\051}{}% 66
\BOOKMARK [0][-]{chapter*.86}{\376\377\000M\000\364\000\040\000t\036\243\000\040\000c\000\341\000c\000\040\000h\000\340\000m\000\040\000x\036\355\000\040\000l\000\375\000\040\000c\000h\000\355\000n\000h}{}% 67
\BOOKMARK [0][-]{chapter*.87}{\376\377\000H\001\260\036\333\000n\000g\000\040\000d\036\253\000n\000\040\000c\000\340\000i\000\040\001\021\036\267\000t\000\040\000v\000\340\000\040\000s\036\355\000\040\000d\036\345\000n\000g\000\040\000c\000h\001\260\001\241\000n\000g\000\040\000t\000r\000\354\000n\000h}{}% 68
